d:\caitlynn\documents\uniwork\thirdyearproject\watersimulation\x64\debug\vc142.pdb
d:\caitlynn\documents\uniwork\thirdyearproject\watersimulation\x64\debug\vc142.idb
d:\caitlynn\documents\uniwork\thirdyearproject\watersimulation\x64\debug\timer.obj
d:\caitlynn\documents\uniwork\thirdyearproject\watersimulation\x64\debug\graphicshelpers.obj
d:\caitlynn\documents\uniwork\thirdyearproject\watersimulation\x64\debug\input.obj
d:\caitlynn\documents\uniwork\thirdyearproject\watersimulation\x64\debug\state.obj
d:\caitlynn\documents\uniwork\thirdyearproject\watersimulation\x64\debug\mesh.obj
d:\caitlynn\documents\uniwork\thirdyearproject\watersimulation\x64\debug\shader.obj
d:\caitlynn\documents\uniwork\thirdyearproject\watersimulation\x64\debug\scene.obj
d:\caitlynn\documents\uniwork\thirdyearproject\watersimulation\x64\debug\model.obj
d:\caitlynn\documents\uniwork\thirdyearproject\watersimulation\x64\debug\cvector4.obj
d:\caitlynn\documents\uniwork\thirdyearproject\watersimulation\x64\debug\cvector3.obj
d:\caitlynn\documents\uniwork\thirdyearproject\watersimulation\x64\debug\cvector2.obj
d:\caitlynn\documents\uniwork\thirdyearproject\watersimulation\x64\debug\cmatrix4x4.obj
d:\caitlynn\documents\uniwork\thirdyearproject\watersimulation\x64\debug\main.obj
d:\caitlynn\documents\uniwork\thirdyearproject\watersimulation\x64\debug\direct3dsetup.obj
d:\caitlynn\documents\uniwork\thirdyearproject\watersimulation\x64\debug\camera.obj
d:\caitlynn\documents\uniwork\thirdyearproject\watersimulation\tintedtexture_ps.cso
d:\caitlynn\documents\uniwork\thirdyearproject\watersimulation\basictransform_vs.cso
d:\caitlynn\documents\uniwork\thirdyearproject\watersimulation\pixellighting_ps.cso
d:\caitlynn\documents\uniwork\thirdyearproject\watersimulation\pixellighting_vs.cso
d:\caitlynn\documents\uniwork\thirdyearproject\watersimulation\x64\debug\watersimulation.ilk
d:\caitlynn\documents\uniwork\thirdyearproject\watersimulation\watersimulation.exe
d:\caitlynn\documents\uniwork\thirdyearproject\watersimulation\watersimulation.pdb
d:\caitlynn\documents\uniwork\thirdyearproject\watersimulation\\watersimulation.pdb
d:\caitlynn\documents\uniwork\thirdyearproject\watersimulation\x64\debug\watersimulation.tlog\cl.command.1.tlog
d:\caitlynn\documents\uniwork\thirdyearproject\watersimulation\x64\debug\watersimulation.tlog\cl.read.1.tlog
d:\caitlynn\documents\uniwork\thirdyearproject\watersimulation\x64\debug\watersimulation.tlog\cl.write.1.tlog
d:\caitlynn\documents\uniwork\thirdyearproject\watersimulation\x64\debug\watersimulation.tlog\fxc.command.1.tlog
d:\caitlynn\documents\uniwork\thirdyearproject\watersimulation\x64\debug\watersimulation.tlog\fxc.read.1.tlog
d:\caitlynn\documents\uniwork\thirdyearproject\watersimulation\x64\debug\watersimulation.tlog\fxc.write.1.tlog
d:\caitlynn\documents\uniwork\thirdyearproject\watersimulation\x64\debug\watersimulation.tlog\link.command.1.tlog
d:\caitlynn\documents\uniwork\thirdyearproject\watersimulation\x64\debug\watersimulation.tlog\link.read.1.tlog
d:\caitlynn\documents\uniwork\thirdyearproject\watersimulation\x64\debug\watersimulation.tlog\link.write.1.tlog
